Sat Oct 15 11:37:39 2016 Jon Bjornstad <jon@suecenter.org> - sent
Sat Dec  3 15:31:31 2016 Jon Bjornstad <jonb@logicalpoetry.com> - sent
Sat Dec  3 15:32:01 2016 Jon Bjornstad <jonb@logicalpoetry.com> - sent
Sat Dec  3 15:32:54 2016 jon@suecenter.org - sent
Sat Dec  3 16:13:19 2016 jon@suecenter.org - sent
Sat Dec  3 16:26:00 2016 jon@suecenter.org - sent
Sun Dec  4 21:32:13 2016 jon@suecenter.org - sent
Sun Dec 11 11:13:24 2016 jon@suecenter.org - no Mail::Sender->Close Connection not established
Sun Dec 11 11:15:53 2016 jon@suecenter.org - no Mail::Sender->Close Connection not established
Sun Dec 11 11:20:38 2016 jon@suecenter.org - no Mail::Sender->Close Connection not established
Sun Dec 11 11:25:53 2016 jon@suecenter.org - no Mail::Sender->Close Connection not established
Sun Dec 11 11:29:18 2016 jon@suecenter.org - no Mail::Sender->Close Connection not established
Sun Dec 11 11:41:40 2016 jon@suecenter.org - sent
Sun Dec 11 11:43:18 2016 jon@suecenter.org - sent
Sun Dec 11 11:51:42 2016 jon@suecenter.org - no Mail::Sender->Close Connection not established
Sun Dec 11 13:50:12 2016 MMC Mail Admin <jon@suecenter.org> - sent
Sun Dec 11 14:26:13 2016 MMI Mail Admin <jon@suecenter.org> - sent
Wed Dec 14 21:35:55 2016 ARRAY(0x528a2b8) - sent
Mon Dec 19 22:50:12 2016 ARRAY(0x11c3b48) - sent
Mon Dec 19 22:56:01 2016 ARRAY(0x11c3b48) - sent
Mon Dec 19 23:04:34 2016 ARRAY(0x21199cc) - sent
Mon Dec 19 23:18:26 2016 ARRAY(0x21199cc) - sent
Mon Dec 19 23:30:33 2016 ARRAY(0x21199cc) - sent
Thu Dec 22 08:07:45 2016 ARRAY(0x211dca0) - no Mail::Sender->Close Connection not established
Thu Dec 22 08:11:58 2016 ARRAY(0x211dca0) - sent
Thu Dec 22 08:14:18 2016 ARRAY(0x211dca0) - no Mail::Sender->Close Connection not established
Thu Dec 22 08:14:47 2016 ARRAY(0x211dca0) - sent
Thu Dec 22 08:19:52 2016 ARRAY(0x2bdef00) - no Mail::Sender->Close Connection not established
Thu Dec 22 08:29:03 2016To Jon Bjornstad <jonb@logicalpoetry.com> - sent
Thu Dec 22 08:30:27 2016 Jon Bjornstad <jonb@logicalpoetry.com> - sent
Thu Dec 22 08:44:54 2016 Jon Bjornstad <jonb@logicalpoetry.com> Gertrude Grabber <jonb@logicalpoetry.com> - sent
Thu Dec 22 08:57:33 2016 Jon Bjornstad <jonb@logicalpoetry.com> Gertrude Grabber <jonb@logicalpoetry.com> - sent
Thu Dec 22 09:02:32 2016 Jon Bjornstad <jonb@logicalpoetry.com> - sent
Thu Dec 22 13:23:45 2016 Jon Bjornstad <jonb@logicalpoetry.com> Gertrude Grabber <jonb@logicalpoetry.com> - sent
Thu Dec 22 15:02:51 2016 Jon Bjornstad <jonb@logicalpoetry.com> - sent
Thu Dec 29 16:51:42 2016 Jon Bjornstad <jonb@logicalpoetry.com> Heather Grant <jon@suecenter.org> - sent
Thu Dec 29 17:30:39 2016 jonb@logicalpoetry.com - sent
Thu Dec 29 17:55:57 2016 jonb@logicalpoetry.com - sent
Thu Dec 29 18:00:07 2016 jonb@logicalpoetry.com - sent
Fri Dec 30 13:03:05 2016 jonb@logicalpoetry.com - sent
Fri Dec 30 13:05:20 2016 jonb@logicalpoetry.com - sent
Fri Dec 30 13:15:11 2016 jonb@logicalpoetry.com - sent
Fri Dec 30 13:18:39 2016 jonb@logicalpoetry.com - sent
Fri Dec 30 13:25:09 2016 jonb@logicalpoetry.com - sent
Fri Dec 30 13:26:09 2016 jonb@logicalpoetry.com - sent
Fri Dec 30 13:30:27 2016 jonb@logicalpoetry.com - sent
Fri Dec 30 13:30:42 2016 jonb@logicalpoetry.com - sent
Sat Dec 31 01:11:02 2016 ARRAY(0x1b449a4) - sent
Sat Dec 31 01:14:22 2016 ARRAY(0x1b449a4) - sent
Sat Dec 31 01:19:12 2016 ARRAY(0x12cf7a4) - sent
Sat Dec 31 22:00:28 2016 jon@suecenter.org - sent
Sat Dec 31 22:00:43 2016 jon@suecenter.org - sent
Sat Dec 31 22:02:08 2016 jon@suecenter.org - sent
Sat Dec 31 22:03:56 2016 jon@suecenter.org - sent
Sat Dec 31 22:04:25 2016 jon@suecenter.org - sent
Sat Dec 31 22:06:12 2016 jon@suecenter.org - sent
Sat Dec 31 22:06:29 2016 jon@suecenter.org - sent
Sat Dec 31 22:11:07 2016 jon@suecenter.org - sent
Mon Jan  2 15:49:44 2017 hello@ouressent.com - sent
Thu Jan  5 09:38:00 2017 ARRAY(0xa46404) - sent
Mon Jan 23 08:37:54 2017 ARRAY(0x1bf730c) - Sat Feb 18 14:10:13 2017 reminder@apasched.com - sent
Sat Feb 18 14:19:00 2017 jonb@logicalpoetry.com - sent
Sat Feb 18 14:22:11 2017 jonb@logicalpoetry.com - sent
Sat Feb 18 14:26:56 2017 jonb@logicalpoetry.com - sent
Sat Feb 18 14:27:08 2017 jonb@logicalpoetry.com - sent
Sat Feb 18 14:27:11 2017 jonb@logicalpoetry.com - sent
Sat Feb 18 14:29:30 2017 jon@suecenter.org - sent
Mon Feb 20 14:49:52 2017 jon@suecenter.org - sent
Mon Feb 20 16:23:08 2017 jon@suecenter.org - no Mail::Sender->Close Connection not established
Mon Feb 20 16:25:07 2017 jon@suecenter.org - sent
Mon Feb 20 16:27:06 2017 jon@suecenter.org - no Mail::Sender->Close Connection not established
Mon Feb 20 16:27:58 2017 jon@suecenter.org - no Mail::Sender->Close Connection not established
Mon Feb 20 16:28:38 2017 jon@suecenter.org - no Mail::Sender->Close Connection not established
Mon Feb 20 16:29:30 2017 jon@suecenter.org - no Mail::Sender->Close Connection not established
Mon Feb 20 16:32:08 2017 jon@suecenter.org - sent
Mon Feb 20 16:42:44 2017 jon@suecenter.org - sent
Mon Feb 20 16:42:46 2017 jon@suecenter.org - sent
Mon Feb 20 16:51:11 2017 jon@suecenter.org - sent
Mon Feb 20 16:51:13 2017 jon@suecenter.org - sent
Mon Feb 20 16:52:10 2017 jon@suecenter.org - sent
Mon Feb 20 16:52:12 2017 jon@suecenter.org - sent
Mon Feb 20 17:00:55 2017 jon@suecenter.org - sent
Mon Feb 20 17:00:57 2017 jon@suecenter.org - sent
Mon Feb 20 17:01:19 2017 jon@suecenter.org - sent
Mon Feb 20 17:01:21 2017 jon@suecenter.org - sent
Mon Feb 20 17:03:37 2017 jon@suecenter.org - sent
Mon Feb 20 17:03:39 2017 jon@suecenter.org - sent
Mon Feb 20 17:08:37 2017 jon@suecenter.org - sent
Mon Feb 20 17:08:41 2017 jon@suecenter.org - sent
Mon Feb 20 17:11:01 2017 jon@suecenter.org - sent
Mon Feb 20 17:11:05 2017 jon@suecenter.org - sent
Mon Feb 20 17:12:20 2017 jon@suecenter.org - sent
Mon Feb 20 17:12:22 2017 jon@suecenter.org - sent
Mon Feb 20 17:15:46 2017 jon@suecenter.org - sent
Mon Feb 20 17:15:48 2017 jon@suecenter.org - sent
Mon Feb 20 17:16:48 2017 jon@suecenter.org - sent
Mon Feb 20 17:16:51 2017 jon@suecenter.org - sent
Mon Feb 20 17:21:03 2017 reservations@mountmadonnainstitute.org - sent
Mon Feb 20 17:21:06 2017 reservations@mountmadonnainstitute.org - sent
Thu Feb 23 10:40:36 2017 ARRAY(0x10ce49c) - sent
Sun Mar  5 19:06:27 2017 Jon Bjornstad <jonb@logicalpoetry.com> - MMC Rental Contract with HHH  3/17 - sent
Sun Mar 19 18:05:17 2017 jon@suecenter.org - ADDED: New Program: TST ALERT  4/17 - sent
Sun Mar 19 18:08:49 2017 jon@suecenter.org - ADDED: New Program: TST  4/17 - sent
Sun Mar 19 18:11:22 2017 jon@suecenter.org, jon@suecenter.org - MMI TST  4/17 needs a GL Number - sent
Sun Mar 19 18:11:25 2017 jonb@logicalpoetry.com - ADDED: New Program: MMI TST  4/17 - sent
Sun Mar 19 18:20:50 2017 jon@suecenter.org - ADDED: New Program: TEST MMC  4/17 - sent
Sun Mar 19 18:21:28 2017 jon@suecenter.org, jon@suecenter.org - MMI test this  4/17 needs a GL Number - sent
Sun Mar 19 18:21:36 2017 jonb@logicalpoetry.com - ADDED: New Program: MMI test this  4/17 - sent
Sun Mar 19 18:25:46 2017 jon@suecenter.org - ADDED: New Rental: RALERT2  3/17 - sent
Sun Mar 19 18:41:43 2017 jon@suecenter.org - ADDED: New Event: new eve - sent
Sun Mar 19 18:42:19 2017 jon@suecenter.org - ADDED: New Program: TEST2 MMC2  3/17 - sent
Thu Mar 23 19:05:06 2017 Jennifer Galvin <jon@suecenter.org>, jonb@logicalpoetry.com - Participant List for TEST MMC  4/17 from April  1-3 - sent
Thu Mar 23 19:08:34 2017 jonb@logicalpoetry.com - Participant List for TEST MMC  4/17 from April  1-3 - sent
Thu Mar 23 19:27:41 2017 Jennifer Galvin <jon@suecenter.org> - Participant List for TEST MMC  4/17 from April  1-3 - sent
Fri Mar 24 13:42:21 2017 Jennifer Galvin <jon@suecenter.org> - Participant List for TEST MMC  4/17 from April  1-3 - sent
